<?xml version="1.0" encoding="UTF-8"?>
<testng-results ignored="0" total="1" passed="1" failed="0" skipped="0">
  <reporter-output>
  </reporter-output>
  <suite started-at="2023-11-30T12:52:30 IST" name="Default suite" finished-at="2023-11-30T12:52:48 IST" duration-ms="17567">
    <groups>
    </groups>
    <test started-at="2023-11-30T12:52:30 IST" name="Default test" finished-at="2023-11-30T12:52:48 IST" duration-ms="17567">
      <class name="com.jenkin.SampleTest">
        <test-method signature="m1Test()[pri:0, instance:com.jenkin.SampleTest@689604d9]" started-at="2023-11-30T12:52:30 IST" name="m1Test" finished-at="2023-11-30T12:52:48 IST" duration-ms="17458" status="PASS">
          <reporter-output>
          </reporter-output>
        </test-method> <!-- m1Test -->
      </class> <!-- com.jenkin.SampleTest -->
    </test> <!-- Default test -->
  </suite> <!-- Default suite -->
</testng-results>
